<?xml version="1.0" encoding="UTF-8"?>
<!-- Generated by org.testng.reporters.JUnitReportReporter -->
<testsuite skipped="0" hostname="ABARASKA-IN" name="com.test.maven.HelloWorld" tests="1" failures="0" timestamp="08 Apr 2020 09:18:12 GMT" time="0.014" errors="0">
  <testcase name="helloWorld" time="0.014" classname="com.test.maven.HelloWorld"/>
</testsuite> <!-- com.test.maven.HelloWorld -->
