<?xml version="1.0" encoding="UTF-8"?>
<!-- Generated by org.testng.reporters.JUnitReportReporter -->
<testsuite skipped="0" hostname="ABARASKA-IN" name="RestAssured.GetAuth" tests="1" failures="0" timestamp="08 Apr 2020 11:19:56 GMT" time="4.140" errors="0">
  <testcase name="getResponseCode" time="4.140" classname="RestAssured.GetAuth"/>
</testsuite> <!-- RestAssured.GetAuth -->
