<?xml version="1.0" encoding="UTF-8"?>
<!-- Generated by org.testng.reporters.JUnitReportReporter -->
<testsuite skipped="0" hostname="ABARASKA-IN" name="RestAssured.getData" tests="2" failures="0" timestamp="08 Apr 2020 10:13:48 GMT" time="5.869" errors="0">
  <testcase name="getBody" time="4.547" classname="RestAssured.getData"/>
  <testcase name="getStatusCode" time="1.322" classname="RestAssured.getData"/>
</testsuite> <!-- RestAssured.getData -->
