<?xml version="1.0" encoding="UTF-8"?>
<!-- Generated by org.testng.reporters.JUnitReportReporter -->
<testsuite skipped="0" hostname="ABARASKA-IN" name="com.test.maven.HelloWorld" tests="1" failures="0" timestamp="24 Apr 2020 06:25:33 GMT" time="0.024" errors="0">
  <testcase name="helloWorld" time="0.024" classname="com.test.maven.HelloWorld"/>
</testsuite> <!-- com.test.maven.HelloWorld -->
